Current configuration:
[NAME]			[DEFLT]		[VALUE]
-alpha			0.97		9.700000e-01
-argfile				
-blocksize		2048		2048
-build_outdirs		yes		yes
-c					/home/likudie/SEEL_CMUSPHINX/etc/SEEL_CMUSPHINX_train.fileids
-cep2spec		no		no
-di					/home/likudie/SEEL_CMUSPHINX/wav
-dither			no		no
-do					/home/likudie/SEEL_CMUSPHINX/feat
-doublebw		no		no
-ei					wav
-eo					mfc
-example		no		no
-frate			100		100
-help			no		no
-i					
-input_endian		little		little
-lifter			0		22
-logspec		no		no
-lowerf			133.33334	1.300000e+02
-mach_endian		little		little
-mswav			no		yes
-ncep			13		13
-nchans			1		1
-nfft			512		512
-nfilt			40		25
-nist			no		no
-npart			0		1
-nskip			0		0
-o					
-ofmt			sphinx		sphinx
-part			0		1
-raw			no		no
-remove_dc		no		no
-remove_noise		yes		yes
-remove_silence		yes		yes
-round_filters		yes		yes
-runlen			-1		-1
-samprate		16000		1.600000e+04
-seed			-1		-1
-smoothspec		no		no
-spec2cep		no		no
-sph2pipe		no		no
-transform		legacy		dct
-unit_area		yes		yes
-upperf			6855.4976	6.800000e+03
-vad_postspeech		50		50
-vad_prespeech		20		20
-vad_startspeech	10		10
-vad_threshold		3.0		3.000000e+00
-verbose		no		no
-warp_params				
-warp_type		inverse_linear	inverse_linear
-whichchan		0		0
-wlen			0.025625	2.562500e-02

INFO: sphinx_fe.c(971): Processing all remaining utterances at position 0
INFO: sphinx_fe.c(791): Converting /home/likudie/SEEL_CMUSPHINX/wav/speaker_1/adobs_2.wav to /home/likudie/SEEL_CMUSPHINX/feat/speaker_1/adobs_2.mfc
INFO: sphinx_fe.c(791): Converting /home/likudie/SEEL_CMUSPHINX/wav/speaker_1/adobs_3.wav to /home/likudie/SEEL_CMUSPHINX/feat/speaker_1/adobs_3.mfc
INFO: sphinx_fe.c(791): Converting /home/likudie/SEEL_CMUSPHINX/wav/speaker_1/adobs_4.wav to /home/likudie/SEEL_CMUSPHINX/feat/speaker_1/adobs_4.mfc
INFO: sphinx_fe.c(791): Converting /home/likudie/SEEL_CMUSPHINX/wav/speaker_1/adobs_5.wav to /home/likudie/SEEL_CMUSPHINX/feat/speaker_1/adobs_5.mfc
INFO: sphinx_fe.c(791): Converting /home/likudie/SEEL_CMUSPHINX/wav/speaker_1/adobs_6.wav to /home/likudie/SEEL_CMUSPHINX/feat/speaker_1/adobs_6.mfc
INFO: sphinx_fe.c(791): Converting /home/likudie/SEEL_CMUSPHINX/wav/speaker_1/adobs_7.wav to /home/likudie/SEEL_CMUSPHINX/feat/speaker_1/adobs_7.mfc
INFO: sphinx_fe.c(791): Converting /home/likudie/SEEL_CMUSPHINX/wav/speaker_1/adobs_8.wav to /home/likudie/SEEL_CMUSPHINX/feat/speaker_1/adobs_8.mfc
INFO: sphinx_fe.c(791): Converting /home/likudie/SEEL_CMUSPHINX/wav/speaker_1/adobs_9.wav to /home/likudie/SEEL_CMUSPHINX/feat/speaker_1/adobs_9.mfc
INFO: sphinx_fe.c(791): Converting /home/likudie/SEEL_CMUSPHINX/wav/speaker_2/dav_1.wav to /home/likudie/SEEL_CMUSPHINX/feat/speaker_2/dav_1.mfc
INFO: sphinx_fe.c(791): Converting /home/likudie/SEEL_CMUSPHINX/wav/speaker_2/dav_3.wav to /home/likudie/SEEL_CMUSPHINX/feat/speaker_2/dav_3.mfc
INFO: sphinx_fe.c(791): Converting /home/likudie/SEEL_CMUSPHINX/wav/speaker_2/dav_4.wav to /home/likudie/SEEL_CMUSPHINX/feat/speaker_2/dav_4.mfc
INFO: sphinx_fe.c(791): Converting /home/likudie/SEEL_CMUSPHINX/wav/speaker_2/dav_5.wav to /home/likudie/SEEL_CMUSPHINX/feat/speaker_2/dav_5.mfc
INFO: sphinx_fe.c(791): Converting /home/likudie/SEEL_CMUSPHINX/wav/speaker_2/dav_6.wav to /home/likudie/SEEL_CMUSPHINX/feat/speaker_2/dav_6.mfc
INFO: sphinx_fe.c(791): Converting /home/likudie/SEEL_CMUSPHINX/wav/speaker_2/dav_7.wav to /home/likudie/SEEL_CMUSPHINX/feat/speaker_2/dav_7.mfc
INFO: sphinx_fe.c(791): Converting /home/likudie/SEEL_CMUSPHINX/wav/speaker_2/dav_8.wav to /home/likudie/SEEL_CMUSPHINX/feat/speaker_2/dav_8.mfc
INFO: sphinx_fe.c(791): Converting /home/likudie/SEEL_CMUSPHINX/wav/speaker_2/dav_9.wav to /home/likudie/SEEL_CMUSPHINX/feat/speaker_2/dav_9.mfc
INFO: sphinx_fe.c(791): Converting /home/likudie/SEEL_CMUSPHINX/wav/speaker_3/gospel_1.wav to /home/likudie/SEEL_CMUSPHINX/feat/speaker_3/gospel_1.mfc
INFO: sphinx_fe.c(791): Converting /home/likudie/SEEL_CMUSPHINX/wav/speaker_3/gospel_2.wav to /home/likudie/SEEL_CMUSPHINX/feat/speaker_3/gospel_2.mfc
INFO: sphinx_fe.c(791): Converting /home/likudie/SEEL_CMUSPHINX/wav/speaker_3/gospel_4.wav to /home/likudie/SEEL_CMUSPHINX/feat/speaker_3/gospel_4.mfc
INFO: sphinx_fe.c(791): Converting /home/likudie/SEEL_CMUSPHINX/wav/speaker_3/gospel_5.wav to /home/likudie/SEEL_CMUSPHINX/feat/speaker_3/gospel_5.mfc
INFO: sphinx_fe.c(791): Converting /home/likudie/SEEL_CMUSPHINX/wav/speaker_3/gospel_6.wav to /home/likudie/SEEL_CMUSPHINX/feat/speaker_3/gospel_6.mfc
INFO: sphinx_fe.c(791): Converting /home/likudie/SEEL_CMUSPHINX/wav/speaker_3/gospel_7.wav to /home/likudie/SEEL_CMUSPHINX/feat/speaker_3/gospel_7.mfc
INFO: sphinx_fe.c(791): Converting /home/likudie/SEEL_CMUSPHINX/wav/speaker_3/gospel_8.wav to /home/likudie/SEEL_CMUSPHINX/feat/speaker_3/gospel_8.mfc
INFO: sphinx_fe.c(791): Converting /home/likudie/SEEL_CMUSPHINX/wav/speaker_3/gospel_9.wav to /home/likudie/SEEL_CMUSPHINX/feat/speaker_3/gospel_9.mfc
INFO: sphinx_fe.c(791): Converting /home/likudie/SEEL_CMUSPHINX/wav/speaker_4/jeremiah_1.wav to /home/likudie/SEEL_CMUSPHINX/feat/speaker_4/jeremiah_1.mfc
INFO: sphinx_fe.c(791): Converting /home/likudie/SEEL_CMUSPHINX/wav/speaker_4/jeremiah_2.wav to /home/likudie/SEEL_CMUSPHINX/feat/speaker_4/jeremiah_2.mfc
INFO: sphinx_fe.c(791): Converting /home/likudie/SEEL_CMUSPHINX/wav/speaker_4/jeremiah_3.wav to /home/likudie/SEEL_CMUSPHINX/feat/speaker_4/jeremiah_3.mfc
INFO: sphinx_fe.c(791): Converting /home/likudie/SEEL_CMUSPHINX/wav/speaker_4/jeremiah_5.wav to /home/likudie/SEEL_CMUSPHINX/feat/speaker_4/jeremiah_5.mfc
INFO: sphinx_fe.c(791): Converting /home/likudie/SEEL_CMUSPHINX/wav/speaker_4/jeremiah_6.wav to /home/likudie/SEEL_CMUSPHINX/feat/speaker_4/jeremiah_6.mfc
INFO: sphinx_fe.c(791): Converting /home/likudie/SEEL_CMUSPHINX/wav/speaker_4/jeremiah_7.wav to /home/likudie/SEEL_CMUSPHINX/feat/speaker_4/jeremiah_7.mfc
INFO: sphinx_fe.c(791): Converting /home/likudie/SEEL_CMUSPHINX/wav/speaker_4/jeremiah_8.wav to /home/likudie/SEEL_CMUSPHINX/feat/speaker_4/jeremiah_8.mfc
INFO: sphinx_fe.c(791): Converting /home/likudie/SEEL_CMUSPHINX/wav/speaker_4/jeremiah_9.wav to /home/likudie/SEEL_CMUSPHINX/feat/speaker_4/jeremiah_9.mfc
INFO: sphinx_fe.c(791): Converting /home/likudie/SEEL_CMUSPHINX/wav/speaker_5/karin_1.wav to /home/likudie/SEEL_CMUSPHINX/feat/speaker_5/karin_1.mfc
INFO: sphinx_fe.c(791): Converting /home/likudie/SEEL_CMUSPHINX/wav/speaker_5/karin_2.wav to /home/likudie/SEEL_CMUSPHINX/feat/speaker_5/karin_2.mfc
INFO: sphinx_fe.c(791): Converting /home/likudie/SEEL_CMUSPHINX/wav/speaker_5/karin_3.wav to /home/likudie/SEEL_CMUSPHINX/feat/speaker_5/karin_3.mfc
INFO: sphinx_fe.c(791): Converting /home/likudie/SEEL_CMUSPHINX/wav/speaker_5/karin_4.wav to /home/likudie/SEEL_CMUSPHINX/feat/speaker_5/karin_4.mfc
INFO: sphinx_fe.c(791): Converting /home/likudie/SEEL_CMUSPHINX/wav/speaker_5/karin_6.wav to /home/likudie/SEEL_CMUSPHINX/feat/speaker_5/karin_6.mfc
INFO: sphinx_fe.c(791): Converting /home/likudie/SEEL_CMUSPHINX/wav/speaker_5/karin_7.wav to /home/likudie/SEEL_CMUSPHINX/feat/speaker_5/karin_7.mfc
INFO: sphinx_fe.c(791): Converting /home/likudie/SEEL_CMUSPHINX/wav/speaker_5/karin_8.wav to /home/likudie/SEEL_CMUSPHINX/feat/speaker_5/karin_8.mfc
INFO: sphinx_fe.c(791): Converting /home/likudie/SEEL_CMUSPHINX/wav/speaker_5/karin_9.wav to /home/likudie/SEEL_CMUSPHINX/feat/speaker_5/karin_9.mfc
INFO: sphinx_fe.c(791): Converting /home/likudie/SEEL_CMUSPHINX/wav/speaker_6/mariam_1.wav to /home/likudie/SEEL_CMUSPHINX/feat/speaker_6/mariam_1.mfc
INFO: sphinx_fe.c(791): Converting /home/likudie/SEEL_CMUSPHINX/wav/speaker_6/mariam_2.wav to /home/likudie/SEEL_CMUSPHINX/feat/speaker_6/mariam_2.mfc
INFO: sphinx_fe.c(791): Converting /home/likudie/SEEL_CMUSPHINX/wav/speaker_6/mariam_3.wav to /home/likudie/SEEL_CMUSPHINX/feat/speaker_6/mariam_3.mfc
INFO: sphinx_fe.c(791): Converting /home/likudie/SEEL_CMUSPHINX/wav/speaker_6/mariam_4.wav to /home/likudie/SEEL_CMUSPHINX/feat/speaker_6/mariam_4.mfc
INFO: sphinx_fe.c(791): Converting /home/likudie/SEEL_CMUSPHINX/wav/speaker_6/mariam_5.wav to /home/likudie/SEEL_CMUSPHINX/feat/speaker_6/mariam_5.mfc
INFO: sphinx_fe.c(791): Converting /home/likudie/SEEL_CMUSPHINX/wav/speaker_6/mariam_7.wav to /home/likudie/SEEL_CMUSPHINX/feat/speaker_6/mariam_7.mfc
INFO: sphinx_fe.c(791): Converting /home/likudie/SEEL_CMUSPHINX/wav/speaker_6/mariam_8.wav to /home/likudie/SEEL_CMUSPHINX/feat/speaker_6/mariam_8.mfc
INFO: sphinx_fe.c(791): Converting /home/likudie/SEEL_CMUSPHINX/wav/speaker_6/mariam_9.wav to /home/likudie/SEEL_CMUSPHINX/feat/speaker_6/mariam_9.mfc
INFO: sphinx_fe.c(791): Converting /home/likudie/SEEL_CMUSPHINX/wav/speaker_7/nanaaba_1.wav to /home/likudie/SEEL_CMUSPHINX/feat/speaker_7/nanaaba_1.mfc
INFO: sphinx_fe.c(791): Converting /home/likudie/SEEL_CMUSPHINX/wav/speaker_7/nanaaba_2.wav to /home/likudie/SEEL_CMUSPHINX/feat/speaker_7/nanaaba_2.mfc
INFO: sphinx_fe.c(791): Converting /home/likudie/SEEL_CMUSPHINX/wav/speaker_7/nanaaba_3.wav to /home/likudie/SEEL_CMUSPHINX/feat/speaker_7/nanaaba_3.mfc
INFO: sphinx_fe.c(791): Converting /home/likudie/SEEL_CMUSPHINX/wav/speaker_7/nanaaba_4.wav to /home/likudie/SEEL_CMUSPHINX/feat/speaker_7/nanaaba_4.mfc
INFO: sphinx_fe.c(791): Converting /home/likudie/SEEL_CMUSPHINX/wav/speaker_7/nanaaba_5.wav to /home/likudie/SEEL_CMUSPHINX/feat/speaker_7/nanaaba_5.mfc
INFO: sphinx_fe.c(791): Converting /home/likudie/SEEL_CMUSPHINX/wav/speaker_7/nanaaba_6.wav to /home/likudie/SEEL_CMUSPHINX/feat/speaker_7/nanaaba_6.mfc
INFO: sphinx_fe.c(791): Converting /home/likudie/SEEL_CMUSPHINX/wav/speaker_7/nanaaba_8.wav to /home/likudie/SEEL_CMUSPHINX/feat/speaker_7/nanaaba_8.mfc
INFO: sphinx_fe.c(791): Converting /home/likudie/SEEL_CMUSPHINX/wav/speaker_7/nanaaba_9.wav to /home/likudie/SEEL_CMUSPHINX/feat/speaker_7/nanaaba_9.mfc
INFO: sphinx_fe.c(791): Converting /home/likudie/SEEL_CMUSPHINX/wav/speaker_8/niiq_1.wav to /home/likudie/SEEL_CMUSPHINX/feat/speaker_8/niiq_1.mfc
INFO: sphinx_fe.c(791): Converting /home/likudie/SEEL_CMUSPHINX/wav/speaker_8/niiq_2.wav to /home/likudie/SEEL_CMUSPHINX/feat/speaker_8/niiq_2.mfc
INFO: sphinx_fe.c(791): Converting /home/likudie/SEEL_CMUSPHINX/wav/speaker_8/niiq_3.wav to /home/likudie/SEEL_CMUSPHINX/feat/speaker_8/niiq_3.mfc
INFO: sphinx_fe.c(791): Converting /home/likudie/SEEL_CMUSPHINX/wav/speaker_8/niiq_4.wav to /home/likudie/SEEL_CMUSPHINX/feat/speaker_8/niiq_4.mfc
INFO: sphinx_fe.c(791): Converting /home/likudie/SEEL_CMUSPHINX/wav/speaker_8/niiq_5.wav to /home/likudie/SEEL_CMUSPHINX/feat/speaker_8/niiq_5.mfc
INFO: sphinx_fe.c(791): Converting /home/likudie/SEEL_CMUSPHINX/wav/speaker_8/niiq_6.wav to /home/likudie/SEEL_CMUSPHINX/feat/speaker_8/niiq_6.mfc
INFO: sphinx_fe.c(791): Converting /home/likudie/SEEL_CMUSPHINX/wav/speaker_8/niiq_7.wav to /home/likudie/SEEL_CMUSPHINX/feat/speaker_8/niiq_7.mfc
INFO: sphinx_fe.c(791): Converting /home/likudie/SEEL_CMUSPHINX/wav/speaker_8/niiq_9.wav to /home/likudie/SEEL_CMUSPHINX/feat/speaker_8/niiq_9.mfc
INFO: sphinx_fe.c(791): Converting /home/likudie/SEEL_CMUSPHINX/wav/speaker_9/Ray_1.wav to /home/likudie/SEEL_CMUSPHINX/feat/speaker_9/Ray_1.mfc
INFO: sphinx_fe.c(791): Converting /home/likudie/SEEL_CMUSPHINX/wav/speaker_9/Ray_2.wav to /home/likudie/SEEL_CMUSPHINX/feat/speaker_9/Ray_2.mfc
INFO: sphinx_fe.c(791): Converting /home/likudie/SEEL_CMUSPHINX/wav/speaker_9/Ray_3.wav to /home/likudie/SEEL_CMUSPHINX/feat/speaker_9/Ray_3.mfc
INFO: sphinx_fe.c(791): Converting /home/likudie/SEEL_CMUSPHINX/wav/speaker_9/Ray_4.wav to /home/likudie/SEEL_CMUSPHINX/feat/speaker_9/Ray_4.mfc
INFO: sphinx_fe.c(791): Converting /home/likudie/SEEL_CMUSPHINX/wav/speaker_9/Ray_5.wav to /home/likudie/SEEL_CMUSPHINX/feat/speaker_9/Ray_5.mfc
INFO: sphinx_fe.c(791): Converting /home/likudie/SEEL_CMUSPHINX/wav/speaker_9/Ray_6.wav to /home/likudie/SEEL_CMUSPHINX/feat/speaker_9/Ray_6.mfc
INFO: sphinx_fe.c(791): Converting /home/likudie/SEEL_CMUSPHINX/wav/speaker_9/Ray_7.wav to /home/likudie/SEEL_CMUSPHINX/feat/speaker_9/Ray_7.mfc
INFO: sphinx_fe.c(791): Converting /home/likudie/SEEL_CMUSPHINX/wav/speaker_9/Ray_8.wav to /home/likudie/SEEL_CMUSPHINX/feat/speaker_9/Ray_8.mfc
INFO: sphinx_fe.c(791): Converting /home/likudie/SEEL_CMUSPHINX/wav/speaker_10/sam_1.wav to /home/likudie/SEEL_CMUSPHINX/feat/speaker_10/sam_1.mfc
INFO: sphinx_fe.c(791): Converting /home/likudie/SEEL_CMUSPHINX/wav/speaker_10/sam_2.wav to /home/likudie/SEEL_CMUSPHINX/feat/speaker_10/sam_2.mfc
INFO: sphinx_fe.c(791): Converting /home/likudie/SEEL_CMUSPHINX/wav/speaker_10/sam_3.wav to /home/likudie/SEEL_CMUSPHINX/feat/speaker_10/sam_3.mfc
INFO: sphinx_fe.c(791): Converting /home/likudie/SEEL_CMUSPHINX/wav/speaker_10/sam_4.wav to /home/likudie/SEEL_CMUSPHINX/feat/speaker_10/sam_4.mfc
INFO: sphinx_fe.c(791): Converting /home/likudie/SEEL_CMUSPHINX/wav/speaker_10/sam_5.wav to /home/likudie/SEEL_CMUSPHINX/feat/speaker_10/sam_5.mfc
INFO: sphinx_fe.c(791): Converting /home/likudie/SEEL_CMUSPHINX/wav/speaker_10/sam_6.wav to /home/likudie/SEEL_CMUSPHINX/feat/speaker_10/sam_6.mfc
INFO: sphinx_fe.c(791): Converting /home/likudie/SEEL_CMUSPHINX/wav/speaker_10/sam_7.wav to /home/likudie/SEEL_CMUSPHINX/feat/speaker_10/sam_7.mfc
INFO: sphinx_fe.c(791): Converting /home/likudie/SEEL_CMUSPHINX/wav/speaker_10/sam_8.wav to /home/likudie/SEEL_CMUSPHINX/feat/speaker_10/sam_8.mfc
INFO: sphinx_fe.c(791): Converting /home/likudie/SEEL_CMUSPHINX/wav/speaker_10/sam_9.wav to /home/likudie/SEEL_CMUSPHINX/feat/speaker_10/sam_9.mfc
Tue Jun 25 13:59:47 2019
