Current configuration:
[NAME]		[DEFLT]		[VALUE]
-accumdir			/home/likudie/SEEL_CMUSPHINX/bwaccumdir/SEEL_CMUSPHINX_buff_1
-agc		none		none
-agcthresh	2.0		2.000000e+00
-cepdir				/home/likudie/SEEL_CMUSPHINX/feat
-cepext		mfc		mfc
-ceplen		13		13
-cmn		live		batch
-cmninit	40,3,-1		40,3,-1
-ctlfn				/home/likudie/SEEL_CMUSPHINX/etc/SEEL_CMUSPHINX_train.fileids
-dictfn				
-example	no		no
-fdictfn			
-feat		1s_c_d_dd	1s_c_d_dd
-fullvar	no		no
-help		no		no
-lda				
-ldadim		0		0
-lsnfn				
-meanfn				/home/likudie/SEEL_CMUSPHINX/model_parameters/SEEL_CMUSPHINX.ci_cont_flatinitial/globalmean
-moddeffn			
-npart				1
-nskip				0
-part				1
-runlen				0
-scaleseg	no		no
-segdir				
-segext		v8_seg		v8_seg
-svspec				
-ts2cbfn			
-varnorm	no		no

INFO: feat.c(715): Initializing feature stream to type: '1s_c_d_dd', ceplen=13, CMN='batch', VARNORM='no', AGC='none'
INFO: corpus.c(1062): Will process all remaining utts starting at 0
INFO: init_gau.c(145): Computing 1x1x1 variance estimates
INFO: s3gau_io.c(169): Read /home/likudie/SEEL_CMUSPHINX/model_parameters/SEEL_CMUSPHINX.ci_cont_flatinitial/globalmean [1x1x1 array]
WARN: "init_gau.c", line 266: utt adobs_2 too short
WARN: "init_gau.c", line 266: utt adobs_3 too short
WARN: "init_gau.c", line 266: utt adobs_4 too short
WARN: "init_gau.c", line 266: utt adobs_5 too short
WARN: "init_gau.c", line 266: utt adobs_6 too short
WARN: "init_gau.c", line 266: utt adobs_7 too short
WARN: "init_gau.c", line 266: utt adobs_8 too short
WARN: "init_gau.c", line 266: utt adobs_9 too short
WARN: "init_gau.c", line 266: utt dav_1 too short
WARN: "init_gau.c", line 266: utt dav_3 too short
WARN: "init_gau.c", line 266: utt dav_4 too short
WARN: "init_gau.c", line 266: utt dav_5 too short
WARN: "init_gau.c", line 266: utt dav_6 too short
WARN: "init_gau.c", line 266: utt dav_7 too short
WARN: "init_gau.c", line 266: utt dav_8 too short
WARN: "init_gau.c", line 266: utt dav_9 too short
WARN: "init_gau.c", line 266: utt gospel_1 too short
WARN: "init_gau.c", line 266: utt gospel_2 too short
WARN: "init_gau.c", line 266: utt gospel_4 too short
WARN: "init_gau.c", line 266: utt gospel_5 too short
WARN: "init_gau.c", line 266: utt gospel_6 too short
WARN: "init_gau.c", line 266: utt gospel_7 too short
WARN: "init_gau.c", line 266: utt gospel_8 too short
WARN: "init_gau.c", line 266: utt gospel_9 too short
WARN: "init_gau.c", line 266: utt jeremiah_1 too short
WARN: "init_gau.c", line 266: utt jeremiah_2 too short
WARN: "init_gau.c", line 266: utt jeremiah_3 too short
WARN: "init_gau.c", line 266: utt jeremiah_5 too short
WARN: "init_gau.c", line 266: utt jeremiah_6 too short
WARN: "init_gau.c", line 266: utt jeremiah_7 too short
WARN: "init_gau.c", line 266: utt jeremiah_8 too short
WARN: "init_gau.c", line 266: utt jeremiah_9 too short
WARN: "init_gau.c", line 266: utt karin_1 too short
WARN: "init_gau.c", line 266: utt karin_2 too short
WARN: "init_gau.c", line 266: utt karin_3 too short
WARN: "init_gau.c", line 266: utt karin_4 too short
WARN: "init_gau.c", line 266: utt karin_6 too short
WARN: "init_gau.c", line 266: utt karin_7 too short
WARN: "init_gau.c", line 266: utt karin_8 too short
WARN: "init_gau.c", line 266: utt karin_9 too short
WARN: "init_gau.c", line 266: utt mariam_1 too short
WARN: "init_gau.c", line 266: utt mariam_2 too short
WARN: "init_gau.c", line 266: utt mariam_3 too short
WARN: "init_gau.c", line 266: utt mariam_4 too short
WARN: "init_gau.c", line 266: utt mariam_5 too short
WARN: "init_gau.c", line 266: utt mariam_7 too short
WARN: "init_gau.c", line 266: utt mariam_8 too short
WARN: "init_gau.c", line 266: utt mariam_9 too short
WARN: "init_gau.c", line 266: utt nanaaba_1 too short
WARN: "init_gau.c", line 266: utt nanaaba_2 too short
WARN: "init_gau.c", line 266: utt nanaaba_3 too short
WARN: "init_gau.c", line 266: utt nanaaba_4 too short
WARN: "init_gau.c", line 266: utt nanaaba_5 too short
WARN: "init_gau.c", line 266: utt nanaaba_6 too short
WARN: "init_gau.c", line 266: utt nanaaba_8 too short
WARN: "init_gau.c", line 266: utt nanaaba_9 too short
WARN: "init_gau.c", line 266: utt niiq_1 too short
WARN: "init_gau.c", line 266: utt niiq_2 too short
WARN: "init_gau.c", line 266: utt niiq_3 too short
WARN: "init_gau.c", line 266: utt niiq_4 too short
WARN: "init_gau.c", line 266: utt niiq_5 too short
WARN: "init_gau.c", line 266: utt niiq_6 too short
WARN: "init_gau.c", line 266: utt niiq_7 too short
WARN: "init_gau.c", line 266: utt niiq_9 too short
WARN: "init_gau.c", line 266: utt Ray_1 too short
WARN: "init_gau.c", line 266: utt Ray_2 too short
WARN: "init_gau.c", line 266: utt Ray_3 too short
WARN: "init_gau.c", line 266: utt Ray_4 too short
WARN: "init_gau.c", line 266: utt Ray_5 too short
WARN: "init_gau.c", line 266: utt Ray_6 too short
WARN: "init_gau.c", line 266: utt Ray_7 too short
WARN: "init_gau.c", line 266: utt Ray_8 too short
WARN: "init_gau.c", line 266: utt sam_1 too short
WARN: "init_gau.c", line 266: utt sam_2 too short
WARN: "init_gau.c", line 266: utt sam_3 too short
WARN: "init_gau.c", line 266: utt sam_4 too short
WARN: "init_gau.c", line 266: utt sam_5 too short
WARN: "init_gau.c", line 266: utt sam_6 too short
WARN: "init_gau.c", line 266: utt sam_7 too short
WARN: "init_gau.c", line 266: utt sam_8 too short
WARN: "init_gau.c", line 266: utt sam_9 too short
INFO: s3gau_io.c(485): Wrote /home/likudie/SEEL_CMUSPHINX/bwaccumdir/SEEL_CMUSPHINX_buff_1/gauden_counts with vars (2pass) [1x1x1 vector arrays]
Tue Jun 25 13:59:48 2019
