Current configuration:
[NAME]		[DEFLT]	[VALUE]
-accumdir		/home/likudie/SEEL_CMUSPHINX/bwaccumdir/SEEL_CMUSPHINX_buff_1,
-constE		3.0	3.000000e+00
-dcountfn		
-example	no	no
-fullvar	no	no
-help		no	no
-inmeanfn		
-inmixwfn		
-invarfn		
-meanfn			/home/likudie/SEEL_CMUSPHINX/model_parameters/SEEL_CMUSPHINX.ci_cont_flatinitial/globalmean
-mixwfn			
-mmie		no	no
-oaccumdir		
-regmatfn		
-tiedvar	no	no
-tmatfn			
-varfn			

INFO: main.c(147): No -mixwfn specified, will skip if any
INFO: main.c(150): No -tmatfn specified, will skip if any
INFO: main.c(156): No -varfn specified, will skip if any
INFO: main.c(207): Reading and accumulating counts from /home/likudie/SEEL_CMUSPHINX/bwaccumdir/SEEL_CMUSPHINX_buff_1
INFO: s3gau_io.c(386): Read /home/likudie/SEEL_CMUSPHINX/bwaccumdir/SEEL_CMUSPHINX_buff_1/gauden_counts with means [1x1x1 vector arrays]
INFO: main.c(321): -2passvar yes
INFO: main.c(391): Normalizing mean for n_mgau= 1, n_stream= 1, n_density= 1
WARN: "gauden.c", line 1565: (mgau= 0, feat= 0, density= 0) never observed
INFO: s3gau_io.c(228): Wrote /home/likudie/SEEL_CMUSPHINX/model_parameters/SEEL_CMUSPHINX.ci_cont_flatinitial/globalmean [1x1x1 array]
Tue Jun 25 13:59:48 2019
