Current configuration:
[NAME]		[DEFLT]	[VALUE]
-example	no	no
-help		no	no
-mixwfn			/home/likudie/SEEL_CMUSPHINX/model_parameters/SEEL_CMUSPHINX.ci_cont_flatinitial/mixture_weights
-moddeffn		/home/likudie/SEEL_CMUSPHINX/model_architecture/SEEL_CMUSPHINX.ci.mdef
-ndensity	256	1
-nstream	4	1
-tmatfn			/home/likudie/SEEL_CMUSPHINX/model_parameters/SEEL_CMUSPHINX.ci_cont_flatinitial/transition_matrices
-topo			/home/likudie/SEEL_CMUSPHINX/model_architecture/SEEL_CMUSPHINX.topology

INFO: model_def_io.c(573): Model definition info:
INFO: model_def_io.c(574): 22 total models defined (22 base, 0 tri)
INFO: model_def_io.c(575): 88 total states
INFO: model_def_io.c(576): 66 total tied states
INFO: model_def_io.c(577): 66 total tied CI states
INFO: model_def_io.c(578): 22 total tied transition matrices
INFO: model_def_io.c(579): 4 max state/model
INFO: model_def_io.c(580): 4 min state/model
INFO: s3tmat_io.c(176): Wrote /home/likudie/SEEL_CMUSPHINX/model_parameters/SEEL_CMUSPHINX.ci_cont_flatinitial/transition_matrices [22x3x4 array]
INFO: s3mixw_io.c(233): Wrote /home/likudie/SEEL_CMUSPHINX/model_parameters/SEEL_CMUSPHINX.ci_cont_flatinitial/mixture_weights [66x1x1 array]
main.c(83): Reading model definition file /home/likudie/SEEL_CMUSPHINX/model_architecture/SEEL_CMUSPHINX.ci.mdef
main.c(90): 22 models defined
Tue Jun 25 13:59:48 2019
